<?xml version="1.0" encoding="UTF-8"?>
<testng-results ignored="0" total="1" passed="1" failed="0" skipped="0">
  <reporter-output>
  </reporter-output>
  <suite started-at="2021-11-09T17:10:24Z" name="Default suite" finished-at="2021-11-09T17:10:56Z" duration-ms="32478">
    <groups>
    </groups>
    <test started-at="2021-11-09T17:10:24Z" name="Default test" finished-at="2021-11-09T17:10:56Z" duration-ms="32478">
      <class name="com.experitest.auto.AndroidDemoTest">
        <test-method is-config="true" signature="setUp(java.lang.String)[pri:0, instance:com.experitest.auto.AndroidDemoTest@38ba6ce3]" started-at="2021-11-09T22:40:24Z" name="setUp" finished-at="2021-11-09T22:40:45Z" duration-ms="21443" status="PASS">
          <params>
            <param index="0">
              <value>
                <![CDATA[@os='android']]>
              </value>
            </param>
          </params>
          <reporter-output>
          </reporter-output>
        </test-method> <!-- setUp -->
        <test-method signature="test()[pri:0, instance:com.experitest.auto.AndroidDemoTest@38ba6ce3]" started-at="2021-11-09T22:40:45Z" name="test" finished-at="2021-11-09T22:40:45Z" duration-ms="7" status="PASS">
          <reporter-output>
          </reporter-output>
        </test-method> <!-- test -->
        <test-method is-config="true" signature="tearDown()[pri:0, instance:com.experitest.auto.AndroidDemoTest@38ba6ce3]" started-at="2021-11-09T22:40:45Z" name="tearDown" finished-at="2021-11-09T22:40:56Z" duration-ms="11017" status="PASS">
          <reporter-output>
          </reporter-output>
        </test-method> <!-- tearDown -->
      </class> <!-- com.experitest.auto.AndroidDemoTest -->
    </test> <!-- Default test -->
  </suite> <!-- Default suite -->
</testng-results>
